Jun-04 16:48:03.777 [main] DEBUG nextflow.cli.Launcher - $> nextflow run main.nf --INPUT_FOLDER test_data/ --BOWTIE2_REF_LOCATION test_data/sars_cov_2_genome/ --BOWTIE2_PREFIX cov2 --ADAPTER_FILE adapters.fa -with-docker 'ubuntu:18.04' --OUTDIR test_data/OUT/ -resume
Jun-04 16:48:03.906 [main] INFO  nextflow.cli.CmdRun - N E X T F L O W  ~  version 20.01.0
Jun-04 16:48:03.918 [main] INFO  nextflow.cli.CmdRun - Launching `main.nf` [pedantic_brown] - revision: ce25cfa9cf
Jun-04 16:48:03.939 [main] DEBUG nextflow.config.ConfigBuilder - Found config local: /Users/gerbix/Documents/vikas/ncov/margaret_subgenomic/SARS-CoV-2-subgenomic_NF/nextflow.config
Jun-04 16:48:03.940 [main] DEBUG nextflow.config.ConfigBuilder - Parsing config file: /Users/gerbix/Documents/vikas/ncov/margaret_subgenomic/SARS-CoV-2-subgenomic_NF/nextflow.config
Jun-04 16:48:03.966 [main] DEBUG nextflow.config.ConfigBuilder - Applying config profile: `standard`
Jun-04 16:48:04.342 [main] DEBUG nextflow.config.ConfigBuilder - Enabling execution in Docker container as requested by cli option `-with-docker ubuntu:18.04`
Jun-04 16:48:04.374 [main] DEBUG nextflow.Session - Session uuid: da8f9022-772a-4cd5-afbf-5abd9b005ec9
Jun-04 16:48:04.375 [main] DEBUG nextflow.Session - Run name: pedantic_brown
Jun-04 16:48:04.375 [main] DEBUG nextflow.Session - Executor pool size: 8
Jun-04 16:48:04.412 [main] DEBUG nextflow.cli.CmdRun - 
  Version: 20.01.0 build 5264
  Created: 12-02-2020 10:14 UTC (02:14 PDT)
  System: Mac OS X 10.14.6
  Runtime: Groovy 2.5.8 on Java HotSpot(TM) 64-Bit Server VM 11.0.1+13-LTS
  Encoding: UTF-8 (UTF-8)
  Process: 25961@uw-virongs-vikas.local [10.19.225.194]
  CPUs: 8 - Mem: 40 GB (1.9 GB) - Swap: 1 GB (845.8 MB)
Jun-04 16:48:04.442 [main] DEBUG nextflow.Session - Work-dir: /Users/gerbix/Documents/vikas/ncov/margaret_subgenomic/SARS-CoV-2-subgenomic_NF/work [Mac OS X]
Jun-04 16:48:04.442 [main] DEBUG nextflow.Session - Script base path does not exist or is not a directory: /Users/gerbix/Documents/vikas/ncov/margaret_subgenomic/SARS-CoV-2-subgenomic_NF/bin
Jun-04 16:48:04.463 [main] DEBUG nextflow.Session - Observer factory: TowerFactory
Jun-04 16:48:04.465 [main] DEBUG nextflow.Session - Observer factory: DefaultObserverFactory
Jun-04 16:48:04.599 [main] DEBUG nextflow.Session - Session start invoked
Jun-04 16:48:04.797 [main] WARN  nextflow.NextflowMeta$Preview - DSL 2 IS AN EXPERIMENTAL FEATURE UNDER DEVELOPMENT -- SYNTAX MAY CHANGE IN FUTURE RELEASE
Jun-04 16:48:04.800 [main] DEBUG nextflow.script.ScriptRunner - > Launching execution
Jun-04 16:48:04.992 [main] DEBUG nextflow.Session - Workflow process names [dsl2]: Align, Trim
Jun-04 16:48:05.054 [main] DEBUG nextflow.script.ProcessConfig - Config settings `withName:Trim` matches process Trim
Jun-04 16:48:05.059 [main] DEBUG nextflow.executor.ExecutorFactory - << taskConfig executor: null
Jun-04 16:48:05.059 [main] DEBUG nextflow.executor.ExecutorFactory - >> processorType: 'local'
Jun-04 16:48:05.065 [main] DEBUG nextflow.executor.Executor - [warm up] executor > local
Jun-04 16:48:05.070 [main] DEBUG n.processor.LocalPollingMonitor - Creating local task monitor for executor 'local' > cpus=8; memory=40 GB; capacity=8; pollInterval=100ms; dumpInterval=5m
Jun-04 16:48:05.121 [main] DEBUG nextflow.processor.TaskProcessor - Creating operator > Trim -- maxForks: 8; blocking: false
Jun-04 16:48:05.141 [main] DEBUG nextflow.script.ProcessConfig - Config settings `withName:Align` matches process Align
Jun-04 16:48:05.142 [main] DEBUG nextflow.executor.ExecutorFactory - << taskConfig executor: null
Jun-04 16:48:05.142 [main] DEBUG nextflow.executor.ExecutorFactory - >> processorType: 'local'
Jun-04 16:48:05.143 [main] DEBUG nextflow.processor.TaskProcessor - Creating operator > Align -- maxForks: 8; blocking: false
Jun-04 16:48:05.151 [main] DEBUG nextflow.Session - Ignite dataflow network (4)
Jun-04 16:48:05.158 [PathVisitor-1] DEBUG nextflow.file.PathVisitor - files for syntax: glob; folder: test_data/sars_cov_2_genome/; pattern: cov2*; options: [:]
Jun-04 16:48:05.159 [main] DEBUG nextflow.processor.TaskProcessor - Starting process > Trim
Jun-04 16:48:05.159 [PathVisitor-2] DEBUG nextflow.file.PathVisitor - files for syntax: glob; folder: test_data/; pattern: *.fastq.gz; options: [:]
Jun-04 16:48:05.160 [main] DEBUG nextflow.processor.TaskProcessor - Starting process > Align
Jun-04 16:48:05.160 [main] DEBUG nextflow.script.ScriptRunner - > Await termination 
Jun-04 16:48:05.160 [main] DEBUG nextflow.Session - Session await
Jun-04 16:48:05.350 [Task submitter] DEBUG nextflow.executor.LocalTaskHandler - Launch cmd line: /bin/bash -ue .command.run
Jun-04 16:48:05.355 [Task submitter] INFO  nextflow.Session - [e0/eed432] Submitted process > Trim (3)
Jun-04 16:48:08.068 [Task monitor] DEBUG n.processor.TaskPollingMonitor - Task completed > TaskHandler[id: 3; name: Trim (3); status: COMPLETED; exit: 0; error: -; workDir: /Users/gerbix/Documents/vikas/ncov/margaret_subgenomic/SARS-CoV-2-subgenomic_NF/work/e0/eed432fd49bba5709cfc612c323ce4]
Jun-04 16:48:08.073 [Task submitter] DEBUG nextflow.executor.LocalTaskHandler - Launch cmd line: /bin/bash -ue .command.run
Jun-04 16:48:08.073 [Task submitter] INFO  nextflow.Session - [a8/b035b6] Submitted process > Trim (1)
Jun-04 16:48:27.058 [Task monitor] DEBUG n.processor.TaskPollingMonitor - Task completed > TaskHandler[id: 1; name: Trim (1); status: COMPLETED; exit: 0; error: -; workDir: /Users/gerbix/Documents/vikas/ncov/margaret_subgenomic/SARS-CoV-2-subgenomic_NF/work/a8/b035b682191ad6253202c97b2d5fa4]
Jun-04 16:48:27.063 [Task submitter] DEBUG nextflow.executor.LocalTaskHandler - Launch cmd line: /bin/bash -ue .command.run
Jun-04 16:48:27.064 [Task submitter] INFO  nextflow.Session - [ee/e6a487] Submitted process > Trim (2)
Jun-04 16:48:36.558 [Task monitor] DEBUG n.processor.TaskPollingMonitor - Task completed > TaskHandler[id: 2; name: Trim (2); status: COMPLETED; exit: 0; error: -; workDir: /Users/gerbix/Documents/vikas/ncov/margaret_subgenomic/SARS-CoV-2-subgenomic_NF/work/ee/e6a487c24056d9caf7bb1ee1248b79]
Jun-04 16:48:36.564 [Task submitter] DEBUG nextflow.executor.LocalTaskHandler - Launch cmd line: /bin/bash -ue .command.run
Jun-04 16:48:36.564 [Task submitter] INFO  nextflow.Session - [f2/6a73ff] Submitted process > Align (1)
Jun-04 16:48:40.700 [Task monitor] DEBUG n.processor.TaskPollingMonitor - Task completed > TaskHandler[id: 4; name: Align (1); status: COMPLETED; exit: 0; error: -; workDir: /Users/gerbix/Documents/vikas/ncov/margaret_subgenomic/SARS-CoV-2-subgenomic_NF/work/f2/6a73fffa34ddcb71555b6ba7c836be]
Jun-04 16:48:40.702 [Actor Thread 8] DEBUG nextflow.extension.PublishOp - Publish operator got: /Users/gerbix/Documents/vikas/ncov/margaret_subgenomic/SARS-CoV-2-subgenomic_NF/work/f2/6a73fffa34ddcb71555b6ba7c836be/6406_S40_R1_.R1.metagenome.fastq.gz.bam
Jun-04 16:48:40.706 [Task submitter] DEBUG nextflow.executor.LocalTaskHandler - Launch cmd line: /bin/bash -ue .command.run
Jun-04 16:48:40.706 [Task submitter] INFO  nextflow.Session - [63/076064] Submitted process > Align (2)
Jun-04 16:48:59.579 [Task monitor] DEBUG n.processor.TaskPollingMonitor - Task completed > TaskHandler[id: 5; name: Align (2); status: COMPLETED; exit: 0; error: -; workDir: /Users/gerbix/Documents/vikas/ncov/margaret_subgenomic/SARS-CoV-2-subgenomic_NF/work/63/076064373a7a091a001d8d428c7c0c]
Jun-04 16:48:59.582 [Actor Thread 8] DEBUG nextflow.extension.PublishOp - Publish operator got: /Users/gerbix/Documents/vikas/ncov/margaret_subgenomic/SARS-CoV-2-subgenomic_NF/work/63/076064373a7a091a001d8d428c7c0c/4598_S41_R1_.R1.metagenome.fastq.gz.bam
Jun-04 16:48:59.583 [Task submitter] DEBUG nextflow.executor.LocalTaskHandler - Launch cmd line: /bin/bash -ue .command.run
Jun-04 16:48:59.584 [Task submitter] INFO  nextflow.Session - [38/c1f8b2] Submitted process > Align (3)
Jun-04 16:49:13.615 [Task monitor] DEBUG n.processor.TaskPollingMonitor - Task completed > TaskHandler[id: 6; name: Align (3); status: COMPLETED; exit: 0; error: -; workDir: /Users/gerbix/Documents/vikas/ncov/margaret_subgenomic/SARS-CoV-2-subgenomic_NF/work/38/c1f8b2c70cdf0c73117ab5877e0864]
Jun-04 16:49:13.617 [Actor Thread 8] DEBUG nextflow.extension.PublishOp - Publish operator got: /Users/gerbix/Documents/vikas/ncov/margaret_subgenomic/SARS-CoV-2-subgenomic_NF/work/38/c1f8b2c70cdf0c73117ab5877e0864/292_S292_L001.bam
Jun-04 16:49:13.618 [main] DEBUG nextflow.Session - Session await > all process finished
Jun-04 16:49:13.618 [Actor Thread 8] DEBUG nextflow.extension.PublishOp - Publish operator complete
Jun-04 16:49:13.618 [main] DEBUG nextflow.Session - Session await > all barriers passed
Jun-04 16:49:13.623 [main] DEBUG nextflow.trace.WorkflowStatsObserver - Workflow completed > WorkflowStats[succeededCount=6; failedCount=0; ignoredCount=0; cachedCount=0; pendingCount=0; submittedCount=0; runningCount=0; retriesCount=0; abortedCount=0; succeedDuration=9m 2s; failedDuration=0ms; cachedDuration=0ms;loadCpus=0; loadMemory=0; peakRunning=1; peakCpus=8; peakMemory=32 GB; ]
Jun-04 16:49:13.642 [main] DEBUG nextflow.CacheDB - Closing CacheDB done
Jun-04 16:49:13.654 [main] DEBUG nextflow.script.ScriptRunner - > Execution complete -- Goodbye
